make all --print-data-base --no-builtin-variables --no-builtin-rules --question
# GNU Make 4.3
# Built for x86_64-pc-linux-gnu
# Copyright (C) 1988-2020 Free Software Foundation, Inc.
# License GPLv3+: GNU GPL version 3 or later <http://gnu.org/licenses/gpl.html>
# This is free software: you are free to change and redistribute it.
# There is NO WARRANTY, to the extent permitted by law.

# Make data base, printed on Thu May 26 21:13:47 2022

# Variables

# environment
GDK_BACKEND = x11
# environment
LC_ALL = C
# environment
GNOME_SHELL_SESSION_MODE = ubuntu
# environment
SSH_AGENT_LAUNCHER = gnome-keyring
# environment
SNAP_INSTANCE_KEY = 
# environment
GJS_DEBUG_OUTPUT = stderr
# environment
VSCODE_IPC_HOOK_EXTHOST = /run/user/1000/vscode-ipc-d4b35cbd-e3bf-4d47-ac84-455ea2d05c32.sock
# environment
LC_NAME = it_IT.UTF-8
# environment
LC_NUMERIC = it_IT.UTF-8
# environment
VSCODE_CWD = /home/gab2400
# environment
LC_ADDRESS = it_IT.UTF-8
# default
MAKE_COMMAND := make
# environment
QT_ACCESSIBILITY = 1
# automatic
@D = $(patsubst %/,%,$(dir $@))
# environment
SNAP_INSTANCE_NAME = code
# environment
GDK_PIXBUF_MODULEDIR = /snap/code/97/usr/lib/x86_64-linux-gnu/gdk-pixbuf-2.0/2.10.0/loaders
# environment
VSCODE_HANDLES_UNCAUGHT_ERRORS = true
# default
.VARIABLES := 
# environment
PWD = /home/gab2400/MasterBook/Massa
# automatic
%D = $(patsubst %/,%,$(dir $%))
# environment
XDG_DATA_DIRS = /usr/share/ubuntu:/usr/local/share/:/usr/share/:/var/lib/snapd/desktop
# automatic
^D = $(patsubst %/,%,$(dir $^))
# environment
VSCODE_LOG_STACK = false
# automatic
%F = $(notdir $%)
# environment
VSCODE_CODE_CACHE_PATH = /home/gab2400/.config/Code/CachedData/c3511e6c69bb39013c4a4b7b9566ec1ca73fc4d5
# environment
LANG = C
# environment
XAUTHORITY = /run/user/1000/.mutter-Xwaylandauth.QEDOM1
# default
.LOADED := 
# default
.INCLUDE_DIRS = /usr/local/include /usr/include /usr/include
# makefile
MAKEFLAGS = pqrR
# makefile
CURDIR := /home/gab2400/MasterBook/Massa
# environment
VSCODE_PIPE_LOGGING = true
# environment
APPLICATION_INSIGHTS_NO_DIAGNOSTIC_CHANNEL = 1
# environment
LESSOPEN = | /usr/bin/lesspipe %s
# automatic
*D = $(patsubst %/,%,$(dir $*))
# environment
MFLAGS = -pqrR
# environment
SSH_AUTH_SOCK = /run/user/1000/keyring/ssh
# default
.SHELLFLAGS := -c
# environment
WAYLAND_DISPLAY = wayland-0
# environment
XDG_CONFIG_DIRS = /etc/xdg/xdg-ubuntu:/etc/xdg
# automatic
+D = $(patsubst %/,%,$(dir $+))
# environment
XDG_SESSION_DESKTOP = ubuntu
# makefile (from 'Makefile', line 1)
MAKEFILE_LIST := Makefile
# environment
SNAP_REEXEC = 
# automatic
@F = $(notdir $@)
# environment
VSCODE_VERBOSE_LOGGING = true
# environment
VSCODE_PID = 28536
# environment
XDG_SESSION_TYPE = wayland
# automatic
?D = $(patsubst %/,%,$(dir $?))
# environment
BAMF_DESKTOP_FILE_HINT = /var/lib/snapd/desktop/applications/code_code.desktop
# environment
SESSION_MANAGER = local/Gab2400:@/tmp/.ICE-unix/1306,unix/Gab2400:/tmp/.ICE-unix/1306
# automatic
*F = $(notdir $*)
# environment
CHROME_DESKTOP = code-url-handler.desktop
# environment
DBUS_SESSION_BUS_ADDRESS = unix:path=/run/user/1000/bus
# automatic
<D = $(patsubst %/,%,$(dir $<))
# environment
VSCODE_NLS_CONFIG = {"locale":"en-us","availableLanguages":{},"_languagePackSupport":true}
# default
MAKE_HOST := x86_64-pc-linux-gnu
# environment
GNOME_DESKTOP_SESSION_ID = this-is-deprecated
# makefile
SHELL = /bin/sh
# default
MAKECMDGOALS := all
# environment
XMODIFIERS = @im=ibus
# environment
GJS_DEBUG_TOPICS = JS ERROR;JS LOG
# environment
SHLVL = 0
# environment
MAKELEVEL := 0
# environment
IM_CONFIG_CHECK_ENV = 1
# default
MAKE = $(MAKE_COMMAND)
# environment
SNAP_COOKIE = UJONH7wSDOMre6zH_eiyfcf7JVWnfBhUtLNI4padRaDD6jjF16Zy
# environment
PATH = /usr/local/sbin:/usr/local/bin:/usr/sbin:/usr/bin:/sbin:/bin:/usr/games:/usr/local/games:/snap/bin:/snap/bin
# default
MAKEFILES := 
# environment
LC_MONETARY = it_IT.UTF-8
# automatic
^F = $(notdir $^)
# environment
SNAP_USER_COMMON = /home/gab2400/snap/code/common
# environment
LC_TIME = it_IT.UTF-8
# environment
SNAP = /snap/code/97
# environment
INVOCATION_ID = 6b41afa780764bfe99d912d0762c90a6
# environment
SNAP_REVISION = 97
# environment
SNAP_REAL_HOME = /home/gab2400
# environment
VSCODE_LOG_NATIVE = false
# environment
USERNAME = gab2400
# environment
GNOME_SETUP_DISPLAY = :1
# environment
LC_TELEPHONE = it_IT.UTF-8
# environment
LESSCLOSE = /usr/bin/lesspipe %s %s
# automatic
?F = $(notdir $?)
# environment
XDG_CURRENT_DESKTOP = Unity
# environment
LS_COLORS = 
# automatic
+F = $(notdir $+)
# environment
DESKTOP_SESSION = ubuntu
# environment
ORIGINAL_XDG_CURRENT_DESKTOP = ubuntu:GNOME
# 'override' directive
GNUMAKEFLAGS := 
# environment
LOGNAME = gab2400
# environment
GIO_LAUNCHED_DESKTOP_FILE = /var/lib/snapd/desktop/applications/code_code.desktop
# environment
SNAP_ARCH = amd64
# makefile
.DEFAULT_GOAL := master
# environment
SYSTEMD_EXEC_PID = 1333
# environment
DISPLAY = :0
# environment
USER = gab2400
# environment
GTK_MODULES = gail:atk-bridge
# default
MAKE_VERSION := 4.3
# environment
DISABLE_WAYLAND = 1
# environment
SNAP_DATA = /var/snap/code/97
# environment
SNAP_CONTEXT = UJONH7wSDOMre6zH_eiyfcf7JVWnfBhUtLNI4padRaDD6jjF16Zy
# environment
MANAGERPID = 1157
# environment
LC_MEASUREMENT = it_IT.UTF-8
# environment
GIO_LAUNCHED_DESKTOP_FILE_PID = 28496
# environment
_ = /snap/code/97/usr/share/code/code
# environment
LC_PAPER = it_IT.UTF-8
# environment
XDG_RUNTIME_DIR = /run/user/1000
# makefile (from 'Makefile', line 1)
CFLAGS = -std=c89 -pedantic -g -O0
# environment
GDK_PIXBUF_MODULE_FILE = /home/gab2400/snap/code/common/.cache/gdk-pixbuf-loaders.cache
# environment
JOURNAL_STREAM = 8:33985
# environment
XDG_SESSION_CLASS = user
# environment
VSCODE_AMD_ENTRYPOINT = vs/workbench/api/node/extensionHostProcess
# environment
HOME = /home/gab2400
# environment
QT_IM_MODULE = ibus
# environment
ELECTRON_RUN_AS_NODE = 1
# environment
VSCODE_IPC_HOOK = /run/user/1000/vscode-e2036234-1.67.2-main.sock
# environment
SNAP_NAME = code
# environment
GSETTINGS_SCHEMA_DIR = /snap/code/97/usr/share/glib-2.0/schemas
# environment
IM_CONFIG_PHASE = 1
# default
.RECIPEPREFIX := 
# automatic
<F = $(notdir $<)
# environment
SNAP_VERSION = c3511e6c
# default
SUFFIXES := 
# environment
VSCODE_CLI = 1
# environment
ELECTRON_NO_ATTACH_CONSOLE = 1
# environment
SNAP_COMMON = /var/snap/code/common
# default
.FEATURES := target-specific order-only second-expansion else-if shortest-stem undefine oneshell nocomment grouped-target extra-prereqs archives jobserver output-sync check-symlink load
# environment
SNAP_USER_DATA = /home/gab2400/snap/code/97
# environment
XDG_MENU_PREFIX = gnome-
# environment
GDMSESSION = ubuntu
# environment
LC_IDENTIFICATION = it_IT.UTF-8
# environment
SNAP_LIBRARY_PATH = /var/lib/snapd/lib/gl:/var/lib/snapd/lib/gl32:/var/lib/snapd/void
# variable set hash-table stats:
# Load=132/1024=13%, Rehash=0, Collisions=5/166=3%

# Pattern-specific Variable Values
 

# No pattern-specific variable values.

# Directories

# . (device 2050, inode 14683611): 15 files, no impossibilities.

# 15 files, no impossibilities in 1 directories.

# Implicit Rules

# No implicit rules.

# Files

sender: test/test-trans-main.c test/transazioni.o
#  Implicit rule search has not been done.
#  Modification time never checked.
#  File has not been updated.
#  recipe to execute (from 'Makefile', line 19):
	gcc $(CFLAGS) -D SENDER ./test/test-trans-main.c ./test/transazioni.o -o test/trans-sender

# Not a target:
Makefile:
#  Implicit rule search has been done.
#  Last modified 2022-05-25 16:07:29.364084584
#  File has been updated.
#  Successfully updated.

# Not a target:
utenti.c:
#  Implicit rule search has been done.
#  Last modified 2022-05-24 20:01:21.916752112
#  File has been updated.
#  Successfully updated.

# Not a target:
transazioni.c:
#  Implicit rule search has not been done.
#  Modification time never checked.
#  File has not been updated.

# Not a target:
test/test-trans-main.c:
#  Implicit rule search has not been done.
#  Modification time never checked.
#  File has not been updated.

utenti: utenti.c
#  Implicit rule search has not been done.
#  Implicit/static pattern stem: ''
#  File does not exist.
#  File has been updated.
#  Needs to be updated (-q is set).
# automatic
# @ := utenti
# automatic
# * := 
# automatic
# < := utenti.c
# automatic
# + := utenti.c
# automatic
# % := 
# automatic
# ^ := utenti.c
# automatic
# ? := utenti.c
# automatic
# | := 
# variable set hash-table stats:
# Load=8/32=25%, Rehash=0, Collisions=1/12=8%
#  recipe to execute (from 'Makefile', line 10):
	gcc -c $(CFLAGS) utenti.c -o test/utenti.o

clean:
#  Implicit rule search has not been done.
#  Modification time never checked.
#  File has not been updated.
#  recipe to execute (from 'Makefile', line 24):
	rm -f *.o masterbook ./test/trans-main ./test/*.o ./test/trans-sender *~

transazioni: transazioni.c
#  Implicit rule search has not been done.
#  Modification time never checked.
#  File has not been updated.
#  recipe to execute (from 'Makefile', line 7):
	gcc -c $(CFLAGS) transazioni.c -o test/transazioni.o

# Not a target:
test/utenti.o:
#  Implicit rule search has not been done.
#  Modification time never checked.
#  File has not been updated.

# Not a target:
master.h:
#  Implicit rule search has not been done.
#  Modification time never checked.
#  File has not been updated.

nodi: nodi.c
#  Implicit rule search has not been done.
#  Modification time never checked.
#  File has not been updated.
#  recipe to execute (from 'Makefile', line 13):
	gcc -c $(CFLAGS) nodi.c -o test/nodi.o

master: test/transazioni.o test/utenti.o test/nodi.o master.c master.h
#  Implicit rule search has not been done.
#  Modification time never checked.
#  File has not been updated.
#  recipe to execute (from 'Makefile', line 4):
	gcc $(CFLAGS) master.c test/utenti.o test/transazioni.o test/nodi.o -o masterbook

# Not a target:
.DEFAULT:
#  Implicit rule search has not been done.
#  Modification time never checked.
#  File has not been updated.

all: utenti nodi transazioni master
#  Command line target.
#  Implicit rule search has been done.
#  File does not exist.
#  File has been updated.
#  Needs to be updated (-q is set).
# variable set hash-table stats:
# Load=0/32=0%, Rehash=0, Collisions=0/4=0%

main: test/test-trans-main.c test/transazioni.o
#  Implicit rule search has not been done.
#  Modification time never checked.
#  File has not been updated.
#  recipe to execute (from 'Makefile', line 16):
	gcc $(CFLAGS) ./test/test-trans-main.c ./test/transazioni.o -o test/trans-main

# Not a target:
nodi.c:
#  Implicit rule search has not been done.
#  Modification time never checked.
#  File has not been updated.

# Not a target:
test/transazioni.o:
#  Implicit rule search has not been done.
#  Modification time never checked.
#  File has not been updated.

# Not a target:
test/nodi.o:
#  Implicit rule search has not been done.
#  Modification time never checked.
#  File has not been updated.

# Not a target:
master.c:
#  Implicit rule search has not been done.
#  Modification time never checked.
#  File has not been updated.

# Not a target:
.SUFFIXES:
#  Implicit rule search has not been done.
#  Modification time never checked.
#  File has not been updated.

# files hash-table stats:
# Load=20/1024=2%, Rehash=0, Collisions=0/48=0%
# VPATH Search Paths

# No 'vpath' search paths.

# No general ('VPATH' variable) search path.

# strcache buffers: 1 (0) / strings = 31 / storage = 297 B / avg = 9 B
# current buf: size = 8162 B / used = 297 B / count = 31 / avg = 9 B

# strcache performance: lookups = 57 / hit rate = 45%
# hash-table stats:
# Load=31/8192=0%, Rehash=0, Collisions=0/57=0%
# Finished Make data base on Thu May 26 21:13:47 2022

 
